0 info it worked if it ends with ok
1 verbose cli [ 'D:\\tools\\nodejs\\\\node.exe',
1 verbose cli   'D:\\tools\\nodejs\\node_modules\\npm\\bin\\npm-cli.js',
1 verbose cli   'i',
1 verbose cli   'istenbul',
1 verbose cli   '-g' ]
2 info using npm@1.4.28
3 info using node@v0.10.32
4 verbose node symlink D:\tools\nodejs\\node.exe
5 verbose cache add [ 'istenbul', null ]
6 verbose cache add name=undefined spec="istenbul" args=["istenbul",null]
7 verbose parsed url { protocol: null,
7 verbose parsed url   slashes: null,
7 verbose parsed url   auth: null,
7 verbose parsed url   host: null,
7 verbose parsed url   port: null,
7 verbose parsed url   hostname: null,
7 verbose parsed url   hash: null,
7 verbose parsed url   search: null,
7 verbose parsed url   query: null,
7 verbose parsed url   pathname: 'istenbul',
7 verbose parsed url   path: 'istenbul',
7 verbose parsed url   href: 'istenbul' }
8 silly lockFile 92b843ac-istenbul istenbul
9 verbose lock istenbul C:\Users\hongyanzhang204660\AppData\Roaming\npm-cache\92b843ac-istenbul.lock
10 silly lockFile 92b843ac-istenbul istenbul
11 silly lockFile 92b843ac-istenbul istenbul
12 verbose addNamed [ 'istenbul', '' ]
13 verbose addNamed [ null, '*' ]
14 silly lockFile 35ba03e4-istenbul istenbul@
15 verbose lock istenbul@ C:\Users\hongyanzhang204660\AppData\Roaming\npm-cache\35ba03e4-istenbul.lock
16 silly addNameRange { name: 'istenbul', range: '*', hasData: false }
17 verbose request where is /istenbul
18 verbose request registry https://registry.npmjs.org/
19 verbose request id 0ee5db9e19a1f308
20 verbose url raw /istenbul
21 verbose url resolving [ 'https://registry.npmjs.org/', './istenbul' ]
22 verbose url resolved https://registry.npmjs.org/istenbul
23 verbose request where is https://registry.npmjs.org/istenbul
24 info trying registry request attempt 1 at 11:36:33
25 http GET https://registry.npmjs.org/istenbul
26 http 404 https://registry.npmjs.org/istenbul
27 verbose headers { date: 'Wed, 22 Oct 2014 03:36:33 GMT',
27 verbose headers   server: 'CouchDB/1.5.0 (Erlang OTP/R16B03)',
27 verbose headers   'content-type': 'application/json',
27 verbose headers   'cache-control': 'max-age=0',
27 verbose headers   'content-length': '52',
27 verbose headers   'accept-ranges': 'bytes',
27 verbose headers   via: '1.1 varnish',
27 verbose headers   age: '0',
27 verbose headers   'x-served-by': 'cache-lax1435-LAX',
27 verbose headers   'x-cache': 'MISS',
27 verbose headers   'x-cache-hits': '0',
27 verbose headers   'x-timer': 'S1413948993.699217,VS0,VE183',
27 verbose headers   'keep-alive': 'timeout=10, max=50',
27 verbose headers   connection: 'Keep-Alive' }
28 silly registry.get cb [ 404,
28 silly registry.get   { date: 'Wed, 22 Oct 2014 03:36:33 GMT',
28 silly registry.get     server: 'CouchDB/1.5.0 (Erlang OTP/R16B03)',
28 silly registry.get     'content-type': 'application/json',
28 silly registry.get     'cache-control': 'max-age=0',
28 silly registry.get     'content-length': '52',
28 silly registry.get     'accept-ranges': 'bytes',
28 silly registry.get     via: '1.1 varnish',
28 silly registry.get     age: '0',
28 silly registry.get     'x-served-by': 'cache-lax1435-LAX',
28 silly registry.get     'x-cache': 'MISS',
28 silly registry.get     'x-cache-hits': '0',
28 silly registry.get     'x-timer': 'S1413948993.699217,VS0,VE183',
28 silly registry.get     'keep-alive': 'timeout=10, max=50',
28 silly registry.get     connection: 'Keep-Alive' } ]
29 silly lockFile 35ba03e4-istenbul istenbul@
30 silly lockFile 35ba03e4-istenbul istenbul@
31 error 404 404 Not Found: istenbul
31 error 404
31 error 404 'istenbul' is not in the npm registry.
31 error 404 You should bug the author to publish it
31 error 404
31 error 404 Note that you can also install from a
31 error 404 tarball, folder, or http url, or git url.
32 error System Windows_NT 6.1.7601
33 error command "D:\\tools\\nodejs\\\\node.exe" "D:\\tools\\nodejs\\node_modules\\npm\\bin\\npm-cli.js" "i" "istenbul" "-g"
34 error cwd D:\tools\nodejs\nodetest\lesson6
35 error node -v v0.10.32
36 error npm -v 1.4.28
37 error code E404
38 verbose exit [ 1, true ]
